<?xml version="1.0" encoding="UTF-8"?>
<testsuite name="com.marhane.calculatrice.CalculatriceApplicationTests" tests="1" skipped="0" failures="0" errors="0" timestamp="2025-11-11T14:30:03.141Z" hostname="morocco-Latitude-E5450" time="0.834">
  <properties/>
  <testcase name="contextLoads()" classname="com.marhane.calculatrice.CalculatriceApplicationTests" time="0.834"/>
  <system-out><![CDATA[15:30:00.896 [Test worker] INFO org.springframework.test.context.support.AnnotationConfigContextLoaderUtils -- Could not detect default configuration classes for test class [com.marhane.calculatrice.CalculatriceApplicationTests]: CalculatriceApplicationTests does not declare any static, non-private, non-final, nested classes annotated with @Configuration.
15:30:01.161 [Test worker] INFO org.springframework.boot.test.context.SpringBootTestContextBootstrapper -- Found @SpringBootConfiguration com.marhane.calculatrice.CalculatriceApplication for test class com.marhane.calculatrice.CalculatriceApplicationTests

  .   ____          _            __ _ _
 /\\ / ___'_ __ _ _(_)_ __  __ _ \ \ \ \
( ( )\___ | '_ | '_| | '_ \/ _` | \ \ \ \
 \\/  ___)| |_)| | | | | || (_| |  ) ) ) )
  '  |____| .__|_| |_|_| |_\__, | / / / /
 =========|_|==============|___/=/_/_/_/

 :: Spring Boot ::                (v3.5.7)

2025-11-11T15:30:01.834+01:00  INFO 16306 --- [calculatrice] [    Test worker] c.m.c.CalculatriceApplicationTests       : Starting CalculatriceApplicationTests using Java 21.0.8 with PID 16306 (started by morocco in /home/morocco/atelier/Calculatrice)
2025-11-11T15:30:01.836+01:00  INFO 16306 --- [calculatrice] [    Test worker] c.m.c.CalculatriceApplicationTests       : No active profile set, falling back to 1 default profile: "default"
2025-11-11T15:30:03.113+01:00  INFO 16306 --- [calculatrice] [    Test worker] c.m.c.CalculatriceApplicationTests       : Started CalculatriceApplicationTests in 1.704 seconds (process running for 3.611)
]]></system-out>
  <system-err><![CDATA[Mockito is currently self-attaching to enable the inline-mock-maker. This will no longer work in future releases of the JDK. Please add Mockito as an agent to your build as described in Mockito's documentation: https://javadoc.io/doc/org.mockito/mockito-core/latest/org.mockito/org/mockito/Mockito.html#0.3
WARNING: A Java agent has been loaded dynamically (/home/morocco/.gradle/caches/modules-2/files-2.1/net.bytebuddy/byte-buddy-agent/1.17.8/f09415827a71be7ed621c7bd02550678f28bc81c/byte-buddy-agent-1.17.8.jar)
WARNING: If a serviceability tool is in use, please run with -XX:+EnableDynamicAgentLoading to hide this warning
WARNING: If a serviceability tool is not in use, please run with -Djdk.instrument.traceUsage for more information
WARNING: Dynamic loading of agents will be disallowed by default in a future release
]]></system-err>
</testsuite>
